<?xml version="1.0" encoding="UTF-8"?>
<testng-results skipped="0" failed="0" total="2" passed="2">
  <reporter-output>
  </reporter-output>
  <suite name="Default suite" duration-ms="38083" started-at="2019-06-06T19:26:52Z" finished-at="2019-06-06T19:27:30Z">
    <groups>
    </groups>
    <test name="Default test" duration-ms="38083" started-at="2019-06-06T19:26:52Z" finished-at="2019-06-06T19:27:30Z">
      <class name="testSuite.TestScenarios">
        <test-method status="PASS" signature="setUpSuiteDetails()[pri:0, instance:testSuite.TestScenarios@6d4b1c02]" name="setUpSuiteDetails" is-config="true" duration-ms="120" started-at="2019-06-07T00:56:52Z" finished-at="2019-06-07T00:56:52Z">
          <reporter-output>
          </reporter-output>
        </test-method> <!-- setUpSuiteDetails -->
        <test-method status="PASS" signature="beforeTest()[pri:0, instance:testSuite.TestScenarios@6d4b1c02]" name="beforeTest" is-config="true" duration-ms="13495" started-at="2019-06-07T00:56:52Z" finished-at="2019-06-07T00:57:06Z">
          <reporter-output>
          </reporter-output>
        </test-method> <!-- beforeTest -->
        <test-method status="PASS" signature="BeforeClass()[pri:0, instance:testSuite.TestScenarios@6d4b1c02]" name="BeforeClass" is-config="true" duration-ms="0" started-at="2019-06-07T00:57:06Z" finished-at="2019-06-07T00:57:06Z">
          <reporter-output>
          </reporter-output>
        </test-method> <!-- BeforeClass -->
        <test-method status="PASS" signature="beforeMethod(java.lang.reflect.Method)[pri:0, instance:testSuite.TestScenarios@6d4b1c02]" name="beforeMethod" is-config="true" duration-ms="4" started-at="2019-06-07T00:57:06Z" finished-at="2019-06-07T00:57:06Z">
          <params>
            <param index="0">
              <value>
                <![CDATA[public void testSuite.TestScenarios.testCae1() throws java.lang.Exception]]>
              </value>
            </param>
          </params>
          <reporter-output>
          </reporter-output>
        </test-method> <!-- beforeMethod -->
        <test-method status="PASS" signature="testCae1()[pri:0, instance:testSuite.TestScenarios@6d4b1c02]" name="testCae1" duration-ms="9393" started-at="2019-06-07T00:57:06Z" description="verify click and scroll/action actions" finished-at="2019-06-07T00:57:15Z">
          <reporter-output>
          </reporter-output>
        </test-method> <!-- testCae1 -->
        <test-method status="PASS" signature="tearDown(org.testng.ITestResult, java.lang.reflect.Method)[pri:0, instance:testSuite.TestScenarios@6d4b1c02]" name="tearDown" is-config="true" duration-ms="3959" started-at="2019-06-07T00:57:15Z" finished-at="2019-06-07T00:57:19Z">
          <params>
            <param index="0">
              <value>
                <![CDATA[[TestResult name=testCae1 status=SUCCESS method=TestScenarios.testCae1()[pri:0, instance:testSuite.TestScenarios@6d4b1c02] output={null}]]]>
              </value>
            </param>
            <param index="1">
              <value>
                <![CDATA[public void testSuite.TestScenarios.testCae1() throws java.lang.Exception]]>
              </value>
            </param>
          </params>
          <reporter-output>
          </reporter-output>
        </test-method> <!-- tearDown -->
        <test-method status="PASS" signature="beforeMethod(java.lang.reflect.Method)[pri:0, instance:testSuite.TestScenarios@6d4b1c02]" name="beforeMethod" is-config="true" duration-ms="0" started-at="2019-06-07T00:57:19Z" finished-at="2019-06-07T00:57:19Z">
          <params>
            <param index="0">
              <value>
                <![CDATA[public void testSuite.TestScenarios.testCase2() throws java.lang.Exception]]>
              </value>
            </param>
          </params>
          <reporter-output>
          </reporter-output>
        </test-method> <!-- beforeMethod -->
        <test-method status="PASS" signature="testCase2()[pri:0, instance:testSuite.TestScenarios@6d4b1c02]" name="testCase2" duration-ms="7332" started-at="2019-06-07T00:57:19Z" description="verify click and scroll/action actions" finished-at="2019-06-07T00:57:27Z">
          <reporter-output>
          </reporter-output>
        </test-method> <!-- testCase2 -->
        <test-method status="PASS" signature="tearDown(org.testng.ITestResult, java.lang.reflect.Method)[pri:0, instance:testSuite.TestScenarios@6d4b1c02]" name="tearDown" is-config="true" duration-ms="3885" started-at="2019-06-07T00:57:27Z" finished-at="2019-06-07T00:57:30Z">
          <params>
            <param index="0">
              <value>
                <![CDATA[[TestResult name=testCase2 status=SUCCESS method=TestScenarios.testCase2()[pri:0, instance:testSuite.TestScenarios@6d4b1c02] output={null}]]]>
              </value>
            </param>
            <param index="1">
              <value>
                <![CDATA[public void testSuite.TestScenarios.testCase2() throws java.lang.Exception]]>
              </value>
            </param>
          </params>
          <reporter-output>
          </reporter-output>
        </test-method> <!-- tearDown -->
        <test-method status="PASS" signature="afterSuite()[pri:0, instance:testSuite.TestScenarios@6d4b1c02]" name="afterSuite" is-config="true" duration-ms="1731" started-at="2019-06-07T00:57:31Z" finished-at="2019-06-07T00:57:32Z">
          <reporter-output>
          </reporter-output>
        </test-method> <!-- afterSuite -->
      </class> <!-- testSuite.TestScenarios -->
    </test> <!-- Default test -->
  </suite> <!-- Default suite -->
</testng-results>
